<?xml version="1.0" encoding="UTF-8"?>
<!-- Generated by org.testng.reporters.JUnitReportReporter -->
<testsuite hostname="r1o" failures="0" tests="2" name="com.example.petstore.tests.store.StoreTests" time="2.778" errors="0" timestamp="2025-09-01T10:38:09 CEST" skipped="0">
  <testcase classname="com.example.petstore.tests.store.StoreTests" name="testCreateAndDeleteOrder" time="1.498"/>
  <testcase classname="com.example.petstore.tests.store.StoreTests" name="testGetInventory" time="1.280"/>
</testsuite> <!-- com.example.petstore.tests.store.StoreTests -->
